<?xml version="1.0" encoding="UTF-8"?>
<persistence version="2.1"
             xmlns="http://xmlns.jcp.org/xml/ns/persistence"
             xmlns:xsi="http://www.w3.org/2001/XMLSchema-instance"
             xsi:schemaLocation="http://xmlns.jcp.org/xml/ns/persistence http://www.oracle.com/webfolder/technetwork/jsc/xml/ns/persistence/persistence_2_1.xsd">
    <persistence-unit name="archetypeTestPU" transaction-type="JTA">
        <description>Archetype Unit</description>
        <provider>${hibernate.provider}</provider>
        <jta-data-source>${datasource}</jta-data-source>
        <exclude-unlisted-classes>false</exclude-unlisted-classes>
        <properties>
            <property name="hibernate.transaction.jta.platform" value="${hibernate.platform}" />
            <property name="hibernate.show_sql" value="true"/>
            <property name="hibernate.format_sql" value="false"/>
            <property name="hibernate.hbm2ddl.auto" value="create"/>
        </properties>
    </persistence-unit>


</persistence>
