<?xml version="1.0" encoding="UTF-8"?>
<persistence
    xmlns="http://java.sun.com/xml/ns/persistence"
    xmlns:xsi="http://www.w3.org/2001/XMLSchema-instance"
    xsi:schemaLocation="http://java.sun.com/xml/ns/persistence http://java.sun.com/xml/ns/persistence/persistence_2_0.xsd"
    version="2.0">
	 
	<persistence-unit name="archetypeTestPU" transaction-type="JTA">
		<jta-data-source>java:jboss/datasources/ExampleDS2</jta-data-source>
        <exclude-unlisted-classes>false</exclude-unlisted-classes>
        <properties>
			<property name="hibernate.show_sql" value="true" />
			<property name="hibernate.format_sql" value="false"/>
			<property name="hibernate.use_sql_comments" value="false" />
            <property name="hibernate.hbm2ddl.auto" value="create-drop"/>
            <property name="hibernate.id.new_generator_mappings" value="true"/>

            <!-- 			<property name="hibernate.use_identifier_rollback" value="true"/>  -->
<!-- 			<property name="jboss.as.jpa.providerModule" value="procergs.eclipselink" /> -->
<!-- 			<property name="eclipselink.target-server" value="${application.eclipselink.target-server}" /> -->
<!-- 			<property name="eclipselink.logging.level" value="INFO" /> -->
<!-- 			<property name="eclipselink.session.customizer" value="com.procergs.arqjava.lazyload.CustomSerializeSession" /> -->
		</properties>
	</persistence-unit>
	
</persistence>